<?xml version="1.0" encoding="UTF-8"?>
<coverage generated="1604756485214" clover="3.2.0">
  <project timestamp="1604756485214" name="All files">
    <metrics statements="69" coveredstatements="68" conditionals="55" coveredconditionals="25" methods="44" coveredmethods="42" elements="168" coveredelements="135" complexity="0" loc="69" ncloc="69" packages="1" files="2" classes="2"/>
    <file name="index.js" path="C:\Users\desse\Documents\github\projects\data-rules-validator\src\index.js">
      <metrics statements="14" coveredstatements="14" conditionals="25" coveredconditionals="20" methods="9" coveredmethods="7"/>
      <line num="4" count="28" type="stmt"/>
      <line num="5" count="364" type="stmt"/>
      <line num="6" count="325" type="cond" truecount="2" falsecount="0"/>
      <line num="8" count="28" type="stmt"/>
      <line num="9" count="28" type="stmt"/>
      <line num="10" count="127" type="cond" truecount="2" falsecount="0"/>
      <line num="11" count="28" type="cond" truecount="2" falsecount="3"/>
      <line num="12" count="28" type="stmt"/>
      <line num="16" count="28" type="stmt"/>
      <line num="17" count="28" type="cond" truecount="4" falsecount="0"/>
      <line num="20" count="28" type="stmt"/>
      <line num="22" count="28" type="stmt"/>
      <line num="24" count="28" type="stmt"/>
      <line num="25" count="13" type="cond" truecount="1" falsecount="1"/>
    </file>
    <file name="rules.js" path="C:\Users\desse\Documents\github\projects\data-rules-validator\src\rules.js">
      <metrics statements="55" coveredstatements="54" conditionals="30" coveredconditionals="5" methods="35" coveredmethods="35"/>
      <line num="1" count="4" type="stmt"/>
      <line num="3" count="4" type="stmt"/>
      <line num="4" count="4" type="stmt"/>
      <line num="5" count="4" type="stmt"/>
      <line num="6" count="4" type="stmt"/>
      <line num="8" count="4" type="stmt"/>
      <line num="9" count="4" type="stmt"/>
      <line num="10" count="4" type="stmt"/>
      <line num="11" count="4" type="stmt"/>
      <line num="13" count="4" type="stmt"/>
      <line num="14" count="4" type="stmt"/>
      <line num="15" count="4" type="stmt"/>
      <line num="16" count="4" type="stmt"/>
      <line num="18" count="4" type="stmt"/>
      <line num="21" count="3" type="stmt"/>
      <line num="24" count="3" type="cond" truecount="2" falsecount="0"/>
      <line num="25" count="1" type="stmt"/>
      <line num="27" count="2" type="cond" truecount="2" falsecount="0"/>
      <line num="28" count="1" type="stmt"/>
      <line num="30" count="1" type="cond" truecount="1" falsecount="1"/>
      <line num="31" count="0" type="cond" truecount="0" falsecount="2"/>
      <line num="33" count="1" type="stmt"/>
      <line num="40" count="1" type="stmt"/>
      <line num="43" count="8" type="stmt"/>
      <line num="48" count="1" type="stmt"/>
      <line num="51" count="29" type="stmt"/>
      <line num="56" count="2" type="stmt"/>
      <line num="59" count="9" type="stmt"/>
      <line num="66" count="2" type="stmt"/>
      <line num="69" count="2" type="stmt"/>
      <line num="72" count="2" type="stmt"/>
      <line num="77" count="2" type="stmt"/>
      <line num="80" count="2" type="stmt"/>
      <line num="83" count="2" type="stmt"/>
      <line num="88" count="3" type="stmt"/>
      <line num="91" count="3" type="stmt"/>
      <line num="94" count="3" type="stmt"/>
      <line num="101" count="2" type="stmt"/>
      <line num="104" count="2" type="stmt"/>
      <line num="107" count="6" type="stmt"/>
      <line num="112" count="2" type="stmt"/>
      <line num="115" count="2" type="stmt"/>
      <line num="118" count="6" type="stmt"/>
      <line num="123" count="3" type="stmt"/>
      <line num="126" count="3" type="stmt"/>
      <line num="129" count="9" type="stmt"/>
      <line num="136" count="2" type="stmt"/>
      <line num="139" count="2" type="stmt"/>
      <line num="142" count="2" type="stmt"/>
      <line num="147" count="2" type="stmt"/>
      <line num="150" count="2" type="stmt"/>
      <line num="153" count="2" type="stmt"/>
      <line num="158" count="3" type="stmt"/>
      <line num="161" count="3" type="stmt"/>
      <line num="164" count="3" type="stmt"/>
    </file>
  </project>
</coverage>
