{"C:\\Users\\desse\\Documents\\github\\projects\\data-rules-validator\\src\\index.js": {"path":"C:\\Users\\desse\\Documents\\github\\projects\\data-rules-validator\\src\\index.js","statementMap":{"0":{"start":{"line":4,"column":20},"end":{"line":4,"column":48}},"1":{"start":{"line":5,"column":15},"end":{"line":5,"column":83}},"2":{"start":{"line":5,"column":53},"end":{"line":5,"column":81}},"3":{"start":{"line":6,"column":2},"end":{"line":6,"column":74}},"4":{"start":{"line":6,"column":12},"end":{"line":6,"column":74}},"5":{"start":{"line":6,"column":46},"end":{"line":6,"column":73}},"6":{"start":{"line":8,"column":16},"end":{"line":8,"column":18}},"7":{"start":{"line":9,"column":2},"end":{"line":19,"column":3}},"8":{"start":{"line":10,"column":4},"end":{"line":18,"column":5}},"9":{"start":{"line":11,"column":83},"end":{"line":11,"column":94}},"10":{"start":{"line":11,"column":32},"end":{"line":11,"column":36}},"11":{"start":{"line":11,"column":55},"end":{"line":11,"column":59}},"12":{"start":{"line":11,"column":74},"end":{"line":11,"column":78}},"13":{"start":{"line":12,"column":21},"end":{"line":15,"column":7}},"14":{"start":{"line":16,"column":6},"end":{"line":16,"column":24}},"15":{"start":{"line":17,"column":6},"end":{"line":17,"column":42}},"16":{"start":{"line":17,"column":37},"end":{"line":17,"column":42}},"17":{"start":{"line":20,"column":2},"end":{"line":27,"column":3}},"18":{"start":{"line":22,"column":30},"end":{"line":22,"column":37}},"19":{"start":{"line":24,"column":21},"end":{"line":24,"column":29}},"20":{"start":{"line":25,"column":26},"end":{"line":25,"column":108}}},"fnMap":{"0":{"name":"validate","decl":{"start":{"line":3,"column":16},"end":{"line":3,"column":24}},"loc":{"start":{"line":3,"column":134},"end":{"line":28,"column":1}},"line":3},"1":{"name":"(anonymous_1)","decl":{"start":{"line":5,"column":42},"end":{"line":5,"column":43}},"loc":{"start":{"line":5,"column":53},"end":{"line":5,"column":81}},"line":5},"2":{"name":"(anonymous_2)","decl":{"start":{"line":6,"column":35},"end":{"line":6,"column":36}},"loc":{"start":{"line":6,"column":46},"end":{"line":6,"column":73}},"line":6},"3":{"name":"(anonymous_3)","decl":{"start":{"line":11,"column":26},"end":{"line":11,"column":27}},"loc":{"start":{"line":11,"column":32},"end":{"line":11,"column":36}},"line":11},"4":{"name":"(anonymous_4)","decl":{"start":{"line":11,"column":49},"end":{"line":11,"column":50}},"loc":{"start":{"line":11,"column":55},"end":{"line":11,"column":59}},"line":11},"5":{"name":"(anonymous_5)","decl":{"start":{"line":11,"column":68},"end":{"line":11,"column":69}},"loc":{"start":{"line":11,"column":74},"end":{"line":11,"column":78}},"line":11},"6":{"name":"(anonymous_6)","decl":{"start":{"line":22,"column":23},"end":{"line":22,"column":24}},"loc":{"start":{"line":22,"column":30},"end":{"line":22,"column":37}},"line":22},"7":{"name":"(anonymous_7)","decl":{"start":{"line":24,"column":14},"end":{"line":24,"column":15}},"loc":{"start":{"line":24,"column":21},"end":{"line":24,"column":29}},"line":24},"8":{"name":"(anonymous_8)","decl":{"start":{"line":25,"column":11},"end":{"line":25,"column":12}},"loc":{"start":{"line":25,"column":26},"end":{"line":25,"column":108}},"line":25}},"branchMap":{"0":{"loc":{"start":{"line":3,"column":32},"end":{"line":3,"column":42}},"type":"default-arg","locations":[{"start":{"line":3,"column":40},"end":{"line":3,"column":42}}],"line":3},"1":{"loc":{"start":{"line":3,"column":44},"end":{"line":3,"column":132}},"type":"default-arg","locations":[{"start":{"line":3,"column":130},"end":{"line":3,"column":132}}],"line":3},"2":{"loc":{"start":{"line":3,"column":46},"end":{"line":3,"column":57}},"type":"default-arg","locations":[{"start":{"line":3,"column":53},"end":{"line":3,"column":57}}],"line":3},"3":{"loc":{"start":{"line":3,"column":59},"end":{"line":3,"column":74}},"type":"default-arg","locations":[{"start":{"line":3,"column":70},"end":{"line":3,"column":74}}],"line":3},"4":{"loc":{"start":{"line":3,"column":76},"end":{"line":3,"column":95}},"type":"default-arg","locations":[{"start":{"line":3,"column":84},"end":{"line":3,"column":95}}],"line":3},"5":{"loc":{"start":{"line":3,"column":97},"end":{"line":3,"column":107}},"type":"default-arg","locations":[{"start":{"line":3,"column":105},"end":{"line":3,"column":107}}],"line":3},"6":{"loc":{"start":{"line":3,"column":109},"end":{"line":3,"column":125}},"type":"default-arg","locations":[{"start":{"line":3,"column":123},"end":{"line":3,"column":125}}],"line":3},"7":{"loc":{"start":{"line":6,"column":2},"end":{"line":6,"column":74}},"type":"if","locations":[{"start":{"line":6,"column":2},"end":{"line":6,"column":74}},{"start":{"line":6,"column":2},"end":{"line":6,"column":74}}],"line":6},"8":{"loc":{"start":{"line":10,"column":4},"end":{"line":18,"column":5}},"type":"if","locations":[{"start":{"line":10,"column":4},"end":{"line":18,"column":5}},{"start":{"line":10,"column":4},"end":{"line":18,"column":5}}],"line":10},"9":{"loc":{"start":{"line":11,"column":14},"end":{"line":11,"column":36}},"type":"default-arg","locations":[{"start":{"line":11,"column":26},"end":{"line":11,"column":36}}],"line":11},"10":{"loc":{"start":{"line":11,"column":38},"end":{"line":11,"column":59}},"type":"default-arg","locations":[{"start":{"line":11,"column":49},"end":{"line":11,"column":59}}],"line":11},"11":{"loc":{"start":{"line":11,"column":61},"end":{"line":11,"column":78}},"type":"default-arg","locations":[{"start":{"line":11,"column":68},"end":{"line":11,"column":78}}],"line":11},"12":{"loc":{"start":{"line":11,"column":83},"end":{"line":11,"column":94}},"type":"binary-expr","locations":[{"start":{"line":11,"column":83},"end":{"line":11,"column":88}},{"start":{"line":11,"column":92},"end":{"line":11,"column":94}}],"line":11},"13":{"loc":{"start":{"line":14,"column":15},"end":{"line":14,"column":72}},"type":"binary-expr","locations":[{"start":{"line":14,"column":15},"end":{"line":14,"column":31}},{"start":{"line":14,"column":35},"end":{"line":14,"column":50}},{"start":{"line":14,"column":54},"end":{"line":14,"column":72}}],"line":14},"14":{"loc":{"start":{"line":17,"column":6},"end":{"line":17,"column":42}},"type":"if","locations":[{"start":{"line":17,"column":6},"end":{"line":17,"column":42}},{"start":{"line":17,"column":6},"end":{"line":17,"column":42}}],"line":17},"15":{"loc":{"start":{"line":17,"column":10},"end":{"line":17,"column":35}},"type":"binary-expr","locations":[{"start":{"line":17,"column":10},"end":{"line":17,"column":18}},{"start":{"line":17,"column":22},"end":{"line":17,"column":35}}],"line":17},"16":{"loc":{"start":{"line":25,"column":26},"end":{"line":25,"column":108}},"type":"cond-expr","locations":[{"start":{"line":25,"column":62},"end":{"line":25,"column":101}},{"start":{"line":25,"column":104},"end":{"line":25,"column":108}}],"line":25}},"s":{"0":28,"1":28,"2":364,"3":28,"4":25,"5":325,"6":28,"7":28,"8":127,"9":28,"10":7,"11":0,"12":0,"13":28,"14":28,"15":28,"16":13,"17":28,"18":28,"19":28,"20":13},"f":{"0":28,"1":364,"2":325,"3":7,"4":0,"5":0,"6":28,"7":28,"8":13},"b":{"0":[0],"1":[3],"2":[3],"3":[28],"4":[28],"5":[28],"6":[28],"7":[25,3],"8":[28,99],"9":[7],"10":[0],"11":[0],"12":[28,0],"13":[28,28,28],"14":[13,15],"15":[28,28],"16":[0,13]},"_coverageSchema":"1a1c01bbd47fc00a2c39e90264f33305004495a9","hash":"03b4337786589bc27d189a9df061f43cccbf8713"}
,"C:\\Users\\desse\\Documents\\github\\projects\\data-rules-validator\\src\\rules.js": {"path":"C:\\Users\\desse\\Documents\\github\\projects\\data-rules-validator\\src\\rules.js","statementMap":{"0":{"start":{"line":1,"column":18},"end":{"line":1,"column":29}},"1":{"start":{"line":3,"column":14},"end":{"line":3,"column":21}},"2":{"start":{"line":4,"column":18},"end":{"line":4,"column":28}},"3":{"start":{"line":5,"column":18},"end":{"line":5,"column":28}},"4":{"start":{"line":6,"column":21},"end":{"line":6,"column":34}},"5":{"start":{"line":8,"column":15},"end":{"line":8,"column":23}},"6":{"start":{"line":9,"column":19},"end":{"line":9,"column":30}},"7":{"start":{"line":10,"column":19},"end":{"line":10,"column":30}},"8":{"start":{"line":11,"column":21},"end":{"line":11,"column":34}},"9":{"start":{"line":13,"column":13},"end":{"line":13,"column":19}},"10":{"start":{"line":14,"column":17},"end":{"line":14,"column":26}},"11":{"start":{"line":15,"column":17},"end":{"line":15,"column":26}},"12":{"start":{"line":16,"column":20},"end":{"line":16,"column":32}},"13":{"start":{"line":18,"column":14},"end":{"line":169,"column":1}},"14":{"start":{"line":21,"column":6},"end":{"line":21,"column":24}},"15":{"start":{"line":24,"column":6},"end":{"line":26,"column":7}},"16":{"start":{"line":25,"column":8},"end":{"line":25,"column":22}},"17":{"start":{"line":27,"column":6},"end":{"line":29,"column":7}},"18":{"start":{"line":28,"column":8},"end":{"line":28,"column":29}},"19":{"start":{"line":30,"column":6},"end":{"line":32,"column":7}},"20":{"start":{"line":31,"column":8},"end":{"line":31,"column":59}},"21":{"start":{"line":33,"column":6},"end":{"line":33,"column":17}},"22":{"start":{"line":40,"column":6},"end":{"line":40,"column":20}},"23":{"start":{"line":43,"column":6},"end":{"line":43,"column":33}},"24":{"start":{"line":48,"column":6},"end":{"line":48,"column":21}},"25":{"start":{"line":51,"column":6},"end":{"line":51,"column":38}},"26":{"start":{"line":56,"column":6},"end":{"line":56,"column":19}},"27":{"start":{"line":59,"column":6},"end":{"line":59,"column":38}},"28":{"start":{"line":66,"column":6},"end":{"line":66,"column":37}},"29":{"start":{"line":69,"column":6},"end":{"line":69,"column":41}},"30":{"start":{"line":72,"column":6},"end":{"line":72,"column":74}},"31":{"start":{"line":77,"column":6},"end":{"line":77,"column":37}},"32":{"start":{"line":80,"column":6},"end":{"line":80,"column":41}},"33":{"start":{"line":83,"column":6},"end":{"line":83,"column":74}},"34":{"start":{"line":88,"column":6},"end":{"line":88,"column":37}},"35":{"start":{"line":91,"column":6},"end":{"line":91,"column":44}},"36":{"start":{"line":94,"column":6},"end":{"line":94,"column":81}},"37":{"start":{"line":101,"column":6},"end":{"line":101,"column":38}},"38":{"start":{"line":104,"column":6},"end":{"line":104,"column":42}},"39":{"start":{"line":107,"column":6},"end":{"line":107,"column":31}},"40":{"start":{"line":112,"column":6},"end":{"line":112,"column":38}},"41":{"start":{"line":115,"column":6},"end":{"line":115,"column":42}},"42":{"start":{"line":118,"column":6},"end":{"line":118,"column":31}},"43":{"start":{"line":123,"column":6},"end":{"line":123,"column":38}},"44":{"start":{"line":126,"column":6},"end":{"line":126,"column":44}},"45":{"start":{"line":129,"column":6},"end":{"line":129,"column":34}},"46":{"start":{"line":136,"column":6},"end":{"line":136,"column":36}},"47":{"start":{"line":139,"column":6},"end":{"line":139,"column":40}},"48":{"start":{"line":142,"column":6},"end":{"line":142,"column":73}},"49":{"start":{"line":147,"column":6},"end":{"line":147,"column":36}},"50":{"start":{"line":150,"column":6},"end":{"line":150,"column":40}},"51":{"start":{"line":153,"column":6},"end":{"line":153,"column":73}},"52":{"start":{"line":158,"column":6},"end":{"line":158,"column":36}},"53":{"start":{"line":161,"column":6},"end":{"line":161,"column":43}},"54":{"start":{"line":164,"column":6},"end":{"line":164,"column":80}}},"fnMap":{"0":{"name":"(anonymous_0)","decl":{"start":{"line":20,"column":4},"end":{"line":20,"column":5}},"loc":{"start":{"line":20,"column":33},"end":{"line":22,"column":5}},"line":20},"1":{"name":"(anonymous_1)","decl":{"start":{"line":23,"column":4},"end":{"line":23,"column":5}},"loc":{"start":{"line":23,"column":16},"end":{"line":34,"column":5}},"line":23},"2":{"name":"(anonymous_2)","decl":{"start":{"line":39,"column":4},"end":{"line":39,"column":5}},"loc":{"start":{"line":39,"column":29},"end":{"line":41,"column":5}},"line":39},"3":{"name":"(anonymous_3)","decl":{"start":{"line":42,"column":4},"end":{"line":42,"column":5}},"loc":{"start":{"line":42,"column":16},"end":{"line":44,"column":5}},"line":42},"4":{"name":"(anonymous_4)","decl":{"start":{"line":47,"column":4},"end":{"line":47,"column":5}},"loc":{"start":{"line":47,"column":30},"end":{"line":49,"column":5}},"line":47},"5":{"name":"(anonymous_5)","decl":{"start":{"line":50,"column":4},"end":{"line":50,"column":5}},"loc":{"start":{"line":50,"column":16},"end":{"line":52,"column":5}},"line":50},"6":{"name":"(anonymous_6)","decl":{"start":{"line":55,"column":4},"end":{"line":55,"column":5}},"loc":{"start":{"line":55,"column":28},"end":{"line":57,"column":5}},"line":55},"7":{"name":"(anonymous_7)","decl":{"start":{"line":58,"column":4},"end":{"line":58,"column":5}},"loc":{"start":{"line":58,"column":16},"end":{"line":60,"column":5}},"line":58},"8":{"name":"(anonymous_8)","decl":{"start":{"line":65,"column":4},"end":{"line":65,"column":5}},"loc":{"start":{"line":65,"column":21},"end":{"line":67,"column":5}},"line":65},"9":{"name":"(anonymous_9)","decl":{"start":{"line":68,"column":4},"end":{"line":68,"column":5}},"loc":{"start":{"line":68,"column":32},"end":{"line":70,"column":5}},"line":68},"10":{"name":"(anonymous_10)","decl":{"start":{"line":71,"column":4},"end":{"line":71,"column":5}},"loc":{"start":{"line":71,"column":35},"end":{"line":73,"column":5}},"line":71},"11":{"name":"(anonymous_11)","decl":{"start":{"line":76,"column":4},"end":{"line":76,"column":5}},"loc":{"start":{"line":76,"column":21},"end":{"line":78,"column":5}},"line":76},"12":{"name":"(anonymous_12)","decl":{"start":{"line":79,"column":4},"end":{"line":79,"column":5}},"loc":{"start":{"line":79,"column":32},"end":{"line":81,"column":5}},"line":79},"13":{"name":"(anonymous_13)","decl":{"start":{"line":82,"column":4},"end":{"line":82,"column":5}},"loc":{"start":{"line":82,"column":35},"end":{"line":84,"column":5}},"line":82},"14":{"name":"(anonymous_14)","decl":{"start":{"line":87,"column":4},"end":{"line":87,"column":5}},"loc":{"start":{"line":87,"column":21},"end":{"line":89,"column":5}},"line":87},"15":{"name":"(anonymous_15)","decl":{"start":{"line":90,"column":4},"end":{"line":90,"column":5}},"loc":{"start":{"line":90,"column":35},"end":{"line":92,"column":5}},"line":90},"16":{"name":"(anonymous_16)","decl":{"start":{"line":93,"column":4},"end":{"line":93,"column":5}},"loc":{"start":{"line":93,"column":38},"end":{"line":95,"column":5}},"line":93},"17":{"name":"(anonymous_17)","decl":{"start":{"line":100,"column":4},"end":{"line":100,"column":5}},"loc":{"start":{"line":100,"column":21},"end":{"line":102,"column":5}},"line":100},"18":{"name":"(anonymous_18)","decl":{"start":{"line":103,"column":4},"end":{"line":103,"column":5}},"loc":{"start":{"line":103,"column":33},"end":{"line":105,"column":5}},"line":103},"19":{"name":"(anonymous_19)","decl":{"start":{"line":106,"column":4},"end":{"line":106,"column":5}},"loc":{"start":{"line":106,"column":36},"end":{"line":108,"column":5}},"line":106},"20":{"name":"(anonymous_20)","decl":{"start":{"line":111,"column":4},"end":{"line":111,"column":5}},"loc":{"start":{"line":111,"column":21},"end":{"line":113,"column":5}},"line":111},"21":{"name":"(anonymous_21)","decl":{"start":{"line":114,"column":4},"end":{"line":114,"column":5}},"loc":{"start":{"line":114,"column":33},"end":{"line":116,"column":5}},"line":114},"22":{"name":"(anonymous_22)","decl":{"start":{"line":117,"column":4},"end":{"line":117,"column":5}},"loc":{"start":{"line":117,"column":36},"end":{"line":119,"column":5}},"line":117},"23":{"name":"(anonymous_23)","decl":{"start":{"line":122,"column":4},"end":{"line":122,"column":5}},"loc":{"start":{"line":122,"column":21},"end":{"line":124,"column":5}},"line":122},"24":{"name":"(anonymous_24)","decl":{"start":{"line":125,"column":4},"end":{"line":125,"column":5}},"loc":{"start":{"line":125,"column":35},"end":{"line":127,"column":5}},"line":125},"25":{"name":"(anonymous_25)","decl":{"start":{"line":128,"column":4},"end":{"line":128,"column":5}},"loc":{"start":{"line":128,"column":38},"end":{"line":130,"column":5}},"line":128},"26":{"name":"(anonymous_26)","decl":{"start":{"line":135,"column":4},"end":{"line":135,"column":5}},"loc":{"start":{"line":135,"column":21},"end":{"line":137,"column":5}},"line":135},"27":{"name":"(anonymous_27)","decl":{"start":{"line":138,"column":4},"end":{"line":138,"column":5}},"loc":{"start":{"line":138,"column":31},"end":{"line":140,"column":5}},"line":138},"28":{"name":"(anonymous_28)","decl":{"start":{"line":141,"column":4},"end":{"line":141,"column":5}},"loc":{"start":{"line":141,"column":34},"end":{"line":143,"column":5}},"line":141},"29":{"name":"(anonymous_29)","decl":{"start":{"line":146,"column":4},"end":{"line":146,"column":5}},"loc":{"start":{"line":146,"column":21},"end":{"line":148,"column":5}},"line":146},"30":{"name":"(anonymous_30)","decl":{"start":{"line":149,"column":4},"end":{"line":149,"column":5}},"loc":{"start":{"line":149,"column":31},"end":{"line":151,"column":5}},"line":149},"31":{"name":"(anonymous_31)","decl":{"start":{"line":152,"column":4},"end":{"line":152,"column":5}},"loc":{"start":{"line":152,"column":34},"end":{"line":154,"column":5}},"line":152},"32":{"name":"(anonymous_32)","decl":{"start":{"line":157,"column":4},"end":{"line":157,"column":5}},"loc":{"start":{"line":157,"column":21},"end":{"line":159,"column":5}},"line":157},"33":{"name":"(anonymous_33)","decl":{"start":{"line":160,"column":4},"end":{"line":160,"column":5}},"loc":{"start":{"line":160,"column":34},"end":{"line":162,"column":5}},"line":160},"34":{"name":"(anonymous_34)","decl":{"start":{"line":163,"column":4},"end":{"line":163,"column":5}},"loc":{"start":{"line":163,"column":37},"end":{"line":165,"column":5}},"line":163}},"branchMap":{"0":{"loc":{"start":{"line":20,"column":13},"end":{"line":20,"column":31}},"type":"default-arg","locations":[{"start":{"line":20,"column":29},"end":{"line":20,"column":31}}],"line":20},"1":{"loc":{"start":{"line":24,"column":6},"end":{"line":26,"column":7}},"type":"if","locations":[{"start":{"line":24,"column":6},"end":{"line":26,"column":7}},{"start":{"line":24,"column":6},"end":{"line":26,"column":7}}],"line":24},"2":{"loc":{"start":{"line":27,"column":6},"end":{"line":29,"column":7}},"type":"if","locations":[{"start":{"line":27,"column":6},"end":{"line":29,"column":7}},{"start":{"line":27,"column":6},"end":{"line":29,"column":7}}],"line":27},"3":{"loc":{"start":{"line":30,"column":6},"end":{"line":32,"column":7}},"type":"if","locations":[{"start":{"line":30,"column":6},"end":{"line":32,"column":7}},{"start":{"line":30,"column":6},"end":{"line":32,"column":7}}],"line":30},"4":{"loc":{"start":{"line":31,"column":15},"end":{"line":31,"column":59}},"type":"cond-expr","locations":[{"start":{"line":31,"column":24},"end":{"line":31,"column":29}},{"start":{"line":31,"column":32},"end":{"line":31,"column":59}}],"line":31},"5":{"loc":{"start":{"line":39,"column":13},"end":{"line":39,"column":27}},"type":"default-arg","locations":[{"start":{"line":39,"column":25},"end":{"line":39,"column":27}}],"line":39},"6":{"loc":{"start":{"line":47,"column":13},"end":{"line":47,"column":28}},"type":"default-arg","locations":[{"start":{"line":47,"column":26},"end":{"line":47,"column":28}}],"line":47},"7":{"loc":{"start":{"line":55,"column":13},"end":{"line":55,"column":26}},"type":"default-arg","locations":[{"start":{"line":55,"column":24},"end":{"line":55,"column":26}}],"line":55},"8":{"loc":{"start":{"line":68,"column":13},"end":{"line":68,"column":30}},"type":"default-arg","locations":[{"start":{"line":68,"column":28},"end":{"line":68,"column":30}}],"line":68},"9":{"loc":{"start":{"line":71,"column":16},"end":{"line":71,"column":33}},"type":"default-arg","locations":[{"start":{"line":71,"column":31},"end":{"line":71,"column":33}}],"line":71},"10":{"loc":{"start":{"line":79,"column":13},"end":{"line":79,"column":30}},"type":"default-arg","locations":[{"start":{"line":79,"column":28},"end":{"line":79,"column":30}}],"line":79},"11":{"loc":{"start":{"line":82,"column":16},"end":{"line":82,"column":33}},"type":"default-arg","locations":[{"start":{"line":82,"column":31},"end":{"line":82,"column":33}}],"line":82},"12":{"loc":{"start":{"line":90,"column":13},"end":{"line":90,"column":33}},"type":"default-arg","locations":[{"start":{"line":90,"column":31},"end":{"line":90,"column":33}}],"line":90},"13":{"loc":{"start":{"line":93,"column":16},"end":{"line":93,"column":36}},"type":"default-arg","locations":[{"start":{"line":93,"column":34},"end":{"line":93,"column":36}}],"line":93},"14":{"loc":{"start":{"line":103,"column":13},"end":{"line":103,"column":31}},"type":"default-arg","locations":[{"start":{"line":103,"column":29},"end":{"line":103,"column":31}}],"line":103},"15":{"loc":{"start":{"line":106,"column":16},"end":{"line":106,"column":34}},"type":"default-arg","locations":[{"start":{"line":106,"column":32},"end":{"line":106,"column":34}}],"line":106},"16":{"loc":{"start":{"line":114,"column":13},"end":{"line":114,"column":31}},"type":"default-arg","locations":[{"start":{"line":114,"column":29},"end":{"line":114,"column":31}}],"line":114},"17":{"loc":{"start":{"line":117,"column":16},"end":{"line":117,"column":34}},"type":"default-arg","locations":[{"start":{"line":117,"column":32},"end":{"line":117,"column":34}}],"line":117},"18":{"loc":{"start":{"line":125,"column":13},"end":{"line":125,"column":33}},"type":"default-arg","locations":[{"start":{"line":125,"column":31},"end":{"line":125,"column":33}}],"line":125},"19":{"loc":{"start":{"line":128,"column":16},"end":{"line":128,"column":36}},"type":"default-arg","locations":[{"start":{"line":128,"column":34},"end":{"line":128,"column":36}}],"line":128},"20":{"loc":{"start":{"line":138,"column":13},"end":{"line":138,"column":29}},"type":"default-arg","locations":[{"start":{"line":138,"column":27},"end":{"line":138,"column":29}}],"line":138},"21":{"loc":{"start":{"line":141,"column":16},"end":{"line":141,"column":32}},"type":"default-arg","locations":[{"start":{"line":141,"column":30},"end":{"line":141,"column":32}}],"line":141},"22":{"loc":{"start":{"line":149,"column":13},"end":{"line":149,"column":29}},"type":"default-arg","locations":[{"start":{"line":149,"column":27},"end":{"line":149,"column":29}}],"line":149},"23":{"loc":{"start":{"line":152,"column":16},"end":{"line":152,"column":32}},"type":"default-arg","locations":[{"start":{"line":152,"column":30},"end":{"line":152,"column":32}}],"line":152},"24":{"loc":{"start":{"line":160,"column":13},"end":{"line":160,"column":32}},"type":"default-arg","locations":[{"start":{"line":160,"column":30},"end":{"line":160,"column":32}}],"line":160},"25":{"loc":{"start":{"line":163,"column":16},"end":{"line":163,"column":35}},"type":"default-arg","locations":[{"start":{"line":163,"column":33},"end":{"line":163,"column":35}}],"line":163}},"s":{"0":4,"1":4,"2":4,"3":4,"4":4,"5":4,"6":4,"7":4,"8":4,"9":4,"10":4,"11":4,"12":4,"13":4,"14":3,"15":3,"16":1,"17":2,"18":1,"19":1,"20":0,"21":1,"22":1,"23":8,"24":1,"25":29,"26":2,"27":9,"28":2,"29":2,"30":2,"31":2,"32":2,"33":2,"34":3,"35":3,"36":3,"37":2,"38":2,"39":6,"40":2,"41":2,"42":6,"43":3,"44":3,"45":9,"46":2,"47":2,"48":2,"49":2,"50":2,"51":2,"52":3,"53":3,"54":3},"f":{"0":3,"1":3,"2":1,"3":8,"4":1,"5":29,"6":2,"7":9,"8":2,"9":2,"10":2,"11":2,"12":2,"13":2,"14":3,"15":3,"16":3,"17":2,"18":2,"19":6,"20":2,"21":2,"22":6,"23":3,"24":3,"25":9,"26":2,"27":2,"28":2,"29":2,"30":2,"31":2,"32":3,"33":3,"34":3},"b":{"0":[0],"1":[1,2],"2":[1,1],"3":[0,1],"4":[0,0],"5":[0],"6":[0],"7":[0],"8":[0],"9":[0],"10":[0],"11":[0],"12":[0],"13":[0],"14":[0],"15":[0],"16":[0],"17":[0],"18":[0],"19":[0],"20":[0],"21":[0],"22":[0],"23":[0],"24":[0],"25":[0]},"_coverageSchema":"1a1c01bbd47fc00a2c39e90264f33305004495a9","hash":"b925f19b3e52e7ef241eba52cbdad0e71941c0da"}
}
