TN:
SF:src\index.js
FN:3,validate
FN:5,(anonymous_1)
FN:6,(anonymous_2)
FN:11,(anonymous_3)
FN:11,(anonymous_4)
FN:11,(anonymous_5)
FN:22,(anonymous_6)
FN:24,(anonymous_7)
FN:25,(anonymous_8)
FNF:9
FNH:7
FNDA:28,validate
FNDA:364,(anonymous_1)
FNDA:325,(anonymous_2)
FNDA:7,(anonymous_3)
FNDA:0,(anonymous_4)
FNDA:0,(anonymous_5)
FNDA:28,(anonymous_6)
FNDA:28,(anonymous_7)
FNDA:13,(anonymous_8)
DA:4,28
DA:5,364
DA:6,325
DA:8,28
DA:9,28
DA:10,127
DA:11,28
DA:12,28
DA:16,28
DA:17,28
DA:20,28
DA:22,28
DA:24,28
DA:25,13
LF:14
LH:14
BRDA:3,0,0,0
BRDA:3,1,0,3
BRDA:3,2,0,3
BRDA:3,3,0,28
BRDA:3,4,0,28
BRDA:3,5,0,28
BRDA:3,6,0,28
BRDA:6,7,0,25
BRDA:6,7,1,3
BRDA:10,8,0,28
BRDA:10,8,1,99
BRDA:11,9,0,7
BRDA:11,10,0,0
BRDA:11,11,0,0
BRDA:11,12,0,28
BRDA:11,12,1,0
BRDA:14,13,0,28
BRDA:14,13,1,28
BRDA:14,13,2,28
BRDA:17,14,0,13
BRDA:17,14,1,15
BRDA:17,15,0,28
BRDA:17,15,1,28
BRDA:25,16,0,0
BRDA:25,16,1,13
BRF:25
BRH:20
end_of_record
TN:
SF:src\rules.js
FN:20,(anonymous_0)
FN:23,(anonymous_1)
FN:39,(anonymous_2)
FN:42,(anonymous_3)
FN:47,(anonymous_4)
FN:50,(anonymous_5)
FN:55,(anonymous_6)
FN:58,(anonymous_7)
FN:65,(anonymous_8)
FN:68,(anonymous_9)
FN:71,(anonymous_10)
FN:76,(anonymous_11)
FN:79,(anonymous_12)
FN:82,(anonymous_13)
FN:87,(anonymous_14)
FN:90,(anonymous_15)
FN:93,(anonymous_16)
FN:100,(anonymous_17)
FN:103,(anonymous_18)
FN:106,(anonymous_19)
FN:111,(anonymous_20)
FN:114,(anonymous_21)
FN:117,(anonymous_22)
FN:122,(anonymous_23)
FN:125,(anonymous_24)
FN:128,(anonymous_25)
FN:135,(anonymous_26)
FN:138,(anonymous_27)
FN:141,(anonymous_28)
FN:146,(anonymous_29)
FN:149,(anonymous_30)
FN:152,(anonymous_31)
FN:157,(anonymous_32)
FN:160,(anonymous_33)
FN:163,(anonymous_34)
FNF:35
FNH:35
FNDA:3,(anonymous_0)
FNDA:3,(anonymous_1)
FNDA:1,(anonymous_2)
FNDA:8,(anonymous_3)
FNDA:1,(anonymous_4)
FNDA:29,(anonymous_5)
FNDA:2,(anonymous_6)
FNDA:9,(anonymous_7)
FNDA:2,(anonymous_8)
FNDA:2,(anonymous_9)
FNDA:2,(anonymous_10)
FNDA:2,(anonymous_11)
FNDA:2,(anonymous_12)
FNDA:2,(anonymous_13)
FNDA:3,(anonymous_14)
FNDA:3,(anonymous_15)
FNDA:3,(anonymous_16)
FNDA:2,(anonymous_17)
FNDA:2,(anonymous_18)
FNDA:6,(anonymous_19)
FNDA:2,(anonymous_20)
FNDA:2,(anonymous_21)
FNDA:6,(anonymous_22)
FNDA:3,(anonymous_23)
FNDA:3,(anonymous_24)
FNDA:9,(anonymous_25)
FNDA:2,(anonymous_26)
FNDA:2,(anonymous_27)
FNDA:2,(anonymous_28)
FNDA:2,(anonymous_29)
FNDA:2,(anonymous_30)
FNDA:2,(anonymous_31)
FNDA:3,(anonymous_32)
FNDA:3,(anonymous_33)
FNDA:3,(anonymous_34)
DA:1,4
DA:3,4
DA:4,4
DA:5,4
DA:6,4
DA:8,4
DA:9,4
DA:10,4
DA:11,4
DA:13,4
DA:14,4
DA:15,4
DA:16,4
DA:18,4
DA:21,3
DA:24,3
DA:25,1
DA:27,2
DA:28,1
DA:30,1
DA:31,0
DA:33,1
DA:40,1
DA:43,8
DA:48,1
DA:51,29
DA:56,2
DA:59,9
DA:66,2
DA:69,2
DA:72,2
DA:77,2
DA:80,2
DA:83,2
DA:88,3
DA:91,3
DA:94,3
DA:101,2
DA:104,2
DA:107,6
DA:112,2
DA:115,2
DA:118,6
DA:123,3
DA:126,3
DA:129,9
DA:136,2
DA:139,2
DA:142,2
DA:147,2
DA:150,2
DA:153,2
DA:158,3
DA:161,3
DA:164,3
LF:55
LH:54
BRDA:20,0,0,0
BRDA:24,1,0,1
BRDA:24,1,1,2
BRDA:27,2,0,1
BRDA:27,2,1,1
BRDA:30,3,0,0
BRDA:30,3,1,1
BRDA:31,4,0,0
BRDA:31,4,1,0
BRDA:39,5,0,0
BRDA:47,6,0,0
BRDA:55,7,0,0
BRDA:68,8,0,0
BRDA:71,9,0,0
BRDA:79,10,0,0
BRDA:82,11,0,0
BRDA:90,12,0,0
BRDA:93,13,0,0
BRDA:103,14,0,0
BRDA:106,15,0,0
BRDA:114,16,0,0
BRDA:117,17,0,0
BRDA:125,18,0,0
BRDA:128,19,0,0
BRDA:138,20,0,0
BRDA:141,21,0,0
BRDA:149,22,0,0
BRDA:152,23,0,0
BRDA:160,24,0,0
BRDA:163,25,0,0
BRF:30
BRH:5
end_of_record
